  Arena.cpp
  Character.cpp
Character.cpp(12): warning C4244: 'argument': conversion from 'int' to 'float', possible loss of data
Character.cpp(13): warning C4244: 'argument': conversion from 'int' to 'float', possible loss of data
Character.cpp(14): warning C4244: 'argument': conversion from 'int' to 'float', possible loss of data
  Clickable.cpp
  Enemy.cpp
  Engine.cpp
  Game.cpp
Game.cpp(38): warning C4267: 'initializing': conversion from 'size_t' to 'int', possible loss of data
  GameObject.cpp
  Managers.cpp
  Owner.cpp
  Panel.cpp
  Player.cpp
  Stat.cpp
  stdafx.cpp
  Generating code
  All 410 functions were compiled because no usable IPDB/IOBJ from previous compilation was found.
  Finished generating code
  Engine.vcxproj -> C:\Users\aicaoc\Desktop\Combat-Game\Engine\x64\Release\Engine.exe
